{"numTotalTestSuites":22,"numPassedTestSuites":18,"numFailedTestSuites":4,"numPendingTestSuites":0,"numTotalTests":80,"numPassedTests":78,"numFailedTests":2,"numPendingTests":0,"numTodoTests":0,"snapshot":{"added":0,"failure":false,"filesAdded":0,"filesRemoved":0,"filesRemovedList":[],"filesUnmatched":0,"filesUpdated":0,"matched":0,"total":0,"unchecked":0,"uncheckedKeysByFile":[],"unmatched":0,"updated":0,"didUpdate":false},"startTime":1773190070490,"success":false,"testResults":[{"assertionResults":[{"ancestorTitles":["Scenario Configuration Validation","Scenario: C001_S1"],"fullName":"Scenario Configuration Validation Scenario: C001_S1 should have exactly 3 travel options for each city in the route (except final)","status":"passed","title":"should have exactly 3 travel options for each city in the route (except final)","duration":1.577099999999973,"failureMessages":[],"meta":{}},{"ancestorTitles":["Scenario Configuration Validation","Scenario: C001_S1"],"fullName":"Scenario Configuration Validation Scenario: C001_S1 should have exactly 3 investigation points (interrogatorios) for each city in the route","status":"passed","title":"should have exactly 3 investigation points (interrogatorios) for each city in the route","duration":0.32999999999992724,"failureMessages":[],"meta":{}},{"ancestorTitles":["Scenario Configuration Validation","Scenario: C001_S1"],"fullName":"Scenario Configuration Validation Scenario: C001_S1 should ensure all travel options exist in global DESTINATION_OPTIONS","status":"passed","title":"should ensure all travel options exist in global DESTINATION_OPTIONS","duration":0.3528999999998632,"failureMessages":[],"meta":{}},{"ancestorTitles":["Scenario Configuration Validation","Scenario: C001_S1"],"fullName":"Scenario Configuration Validation Scenario: C001_S1 should ensure the route is logically consistent (each city connects to the next)","status":"passed","title":"should ensure the route is logically consistent (each city connects to the next)","duration":0.9443999999998596,"failureMessages":[],"meta":{}},{"ancestorTitles":["Scenario Configuration Validation","Scenario: C001_S2"],"fullName":"Scenario Configuration Validation Scenario: C001_S2 should have exactly 3 travel options for each city in the route (except final)","status":"passed","title":"should have exactly 3 travel options for each city in the route (except final)","duration":0.30199999999990723,"failureMessages":[],"meta":{}},{"ancestorTitles":["Scenario Configuration Validation","Scenario: C001_S2"],"fullName":"Scenario Configuration Validation Scenario: C001_S2 should have exactly 3 investigation points (interrogatorios) for each city in the route","status":"passed","title":"should have exactly 3 investigation points (interrogatorios) for each city in the route","duration":0.14450000000010732,"failureMessages":[],"meta":{}},{"ancestorTitles":["Scenario Configuration Validation","Scenario: C001_S2"],"fullName":"Scenario Configuration Validation Scenario: C001_S2 should ensure all travel options exist in global DESTINATION_OPTIONS","status":"passed","title":"should ensure all travel options exist in global DESTINATION_OPTIONS","duration":0.32549999999991996,"failureMessages":[],"meta":{}},{"ancestorTitles":["Scenario Configuration Validation","Scenario: C001_S2"],"fullName":"Scenario Configuration Validation Scenario: C001_S2 should ensure the route is logically consistent (each city connects to the next)","status":"passed","title":"should ensure the route is logically consistent (each city connects to the next)","duration":0.30950000000007094,"failureMessages":[],"meta":{}},{"ancestorTitles":["Scenario Configuration Validation","Scenario: C001_S3"],"fullName":"Scenario Configuration Validation Scenario: C001_S3 should have exactly 3 travel options for each city in the route (except final)","status":"passed","title":"should have exactly 3 travel options for each city in the route (except final)","duration":0.1514999999999418,"failureMessages":[],"meta":{}},{"ancestorTitles":["Scenario Configuration Validation","Scenario: C001_S3"],"fullName":"Scenario Configuration Validation Scenario: C001_S3 should have exactly 3 investigation points (interrogatorios) for each city in the route","status":"passed","title":"should have exactly 3 investigation points (interrogatorios) for each city in the route","duration":0.11599999999998545,"failureMessages":[],"meta":{}},{"ancestorTitles":["Scenario Configuration Validation","Scenario: C001_S3"],"fullName":"Scenario Configuration Validation Scenario: C001_S3 should ensure all travel options exist in global DESTINATION_OPTIONS","status":"passed","title":"should ensure all travel options exist in global DESTINATION_OPTIONS","duration":0.15570000000002437,"failureMessages":[],"meta":{}},{"ancestorTitles":["Scenario Configuration Validation","Scenario: C001_S3"],"fullName":"Scenario Configuration Validation Scenario: C001_S3 should ensure the route is logically consistent (each city connects to the next)","status":"passed","title":"should ensure the route is logically consistent (each city connects to the next)","duration":0.1493000000000393,"failureMessages":[],"meta":{}},{"ancestorTitles":["Scenario Configuration Validation","Scenario: C001_S4"],"fullName":"Scenario Configuration Validation Scenario: C001_S4 should have exactly 3 travel options for each city in the route (except final)","status":"passed","title":"should have exactly 3 travel options for each city in the route (except final)","duration":0.10799999999994725,"failureMessages":[],"meta":{}},{"ancestorTitles":["Scenario Configuration Validation","Scenario: C001_S4"],"fullName":"Scenario Configuration Validation Scenario: C001_S4 should have exactly 3 investigation points (interrogatorios) for each city in the route","status":"passed","title":"should have exactly 3 investigation points (interrogatorios) for each city in the route","duration":0.08629999999993743,"failureMessages":[],"meta":{}},{"ancestorTitles":["Scenario Configuration Validation","Scenario: C001_S4"],"fullName":"Scenario Configuration Validation Scenario: C001_S4 should ensure all travel options exist in global DESTINATION_OPTIONS","status":"passed","title":"should ensure all travel options exist in global DESTINATION_OPTIONS","duration":0.1449000000000069,"failureMessages":[],"meta":{}},{"ancestorTitles":["Scenario Configuration Validation","Scenario: C001_S4"],"fullName":"Scenario Configuration Validation Scenario: C001_S4 should ensure the route is logically consistent (each city connects to the next)","status":"passed","title":"should ensure the route is logically consistent (each city connects to the next)","duration":0.14840000000003783,"failureMessages":[],"meta":{}},{"ancestorTitles":["Scenario Configuration Validation","Scenario: C001_S5"],"fullName":"Scenario Configuration Validation Scenario: C001_S5 should have exactly 3 travel options for each city in the route (except final)","status":"passed","title":"should have exactly 3 travel options for each city in the route (except final)","duration":0.1410000000000764,"failureMessages":[],"meta":{}},{"ancestorTitles":["Scenario Configuration Validation","Scenario: C001_S5"],"fullName":"Scenario Configuration Validation Scenario: C001_S5 should have exactly 3 investigation points (interrogatorios) for each city in the route","status":"passed","title":"should have exactly 3 investigation points (interrogatorios) for each city in the route","duration":0.15610000000015134,"failureMessages":[],"meta":{}},{"ancestorTitles":["Scenario Configuration Validation","Scenario: C001_S5"],"fullName":"Scenario Configuration Validation Scenario: C001_S5 should ensure all travel options exist in global DESTINATION_OPTIONS","status":"passed","title":"should ensure all travel options exist in global DESTINATION_OPTIONS","duration":0.18830000000002656,"failureMessages":[],"meta":{}},{"ancestorTitles":["Scenario Configuration Validation","Scenario: C001_S5"],"fullName":"Scenario Configuration Validation Scenario: C001_S5 should ensure the route is logically consistent (each city connects to the next)","status":"passed","title":"should ensure the route is logically consistent (each city connects to the next)","duration":0.13370000000008986,"failureMessages":[],"meta":{}},{"ancestorTitles":["Scenario Configuration Validation","Scenario: C002_S1"],"fullName":"Scenario Configuration Validation Scenario: C002_S1 should have exactly 3 travel options for each city in the route (except final)","status":"passed","title":"should have exactly 3 travel options for each city in the route (except final)","duration":0.12950000000000728,"failureMessages":[],"meta":{}},{"ancestorTitles":["Scenario Configuration Validation","Scenario: C002_S1"],"fullName":"Scenario Configuration Validation Scenario: C002_S1 should have exactly 3 investigation points (interrogatorios) for each city in the route","status":"passed","title":"should have exactly 3 investigation points (interrogatorios) for each city in the route","duration":0.0804000000000542,"failureMessages":[],"meta":{}},{"ancestorTitles":["Scenario Configuration Validation","Scenario: C002_S1"],"fullName":"Scenario Configuration Validation Scenario: C002_S1 should ensure all travel options exist in global DESTINATION_OPTIONS","status":"passed","title":"should ensure all travel options exist in global DESTINATION_OPTIONS","duration":0.12170000000014625,"failureMessages":[],"meta":{}},{"ancestorTitles":["Scenario Configuration Validation","Scenario: C002_S1"],"fullName":"Scenario Configuration Validation Scenario: C002_S1 should ensure the route is logically consistent (each city connects to the next)","status":"passed","title":"should ensure the route is logically consistent (each city connects to the next)","duration":0.09629999999992833,"failureMessages":[],"meta":{}},{"ancestorTitles":["Scenario Configuration Validation","Scenario: C002_S2"],"fullName":"Scenario Configuration Validation Scenario: C002_S2 should have exactly 3 travel options for each city in the route (except final)","status":"passed","title":"should have exactly 3 travel options for each city in the route (except final)","duration":0.11459999999988213,"failureMessages":[],"meta":{}},{"ancestorTitles":["Scenario Configuration Validation","Scenario: C002_S2"],"fullName":"Scenario Configuration Validation Scenario: C002_S2 should have exactly 3 investigation points (interrogatorios) for each city in the route","status":"passed","title":"should have exactly 3 investigation points (interrogatorios) for each city in the route","duration":0.06430000000000291,"failureMessages":[],"meta":{}},{"ancestorTitles":["Scenario Configuration Validation","Scenario: C002_S2"],"fullName":"Scenario Configuration Validation Scenario: C002_S2 should ensure all travel options exist in global DESTINATION_OPTIONS","status":"passed","title":"should ensure all travel options exist in global DESTINATION_OPTIONS","duration":0.11410000000000764,"failureMessages":[],"meta":{}},{"ancestorTitles":["Scenario Configuration Validation","Scenario: C002_S2"],"fullName":"Scenario Configuration Validation Scenario: C002_S2 should ensure the route is logically consistent (each city connects to the next)","status":"passed","title":"should ensure the route is logically consistent (each city connects to the next)","duration":0.08230000000003201,"failureMessages":[],"meta":{}},{"ancestorTitles":["Scenario Configuration Validation","Scenario: C002_S3"],"fullName":"Scenario Configuration Validation Scenario: C002_S3 should have exactly 3 travel options for each city in the route (except final)","status":"passed","title":"should have exactly 3 travel options for each city in the route (except final)","duration":0.143100000000004,"failureMessages":[],"meta":{}},{"ancestorTitles":["Scenario Configuration Validation","Scenario: C002_S3"],"fullName":"Scenario Configuration Validation Scenario: C002_S3 should have exactly 3 investigation points (interrogatorios) for each city in the route","status":"passed","title":"should have exactly 3 investigation points (interrogatorios) for each city in the route","duration":0.08559999999988577,"failureMessages":[],"meta":{}},{"ancestorTitles":["Scenario Configuration Validation","Scenario: C002_S3"],"fullName":"Scenario Configuration Validation Scenario: C002_S3 should ensure all travel options exist in global DESTINATION_OPTIONS","status":"passed","title":"should ensure all travel options exist in global DESTINATION_OPTIONS","duration":0.11969999999996617,"failureMessages":[],"meta":{}},{"ancestorTitles":["Scenario Configuration Validation","Scenario: C002_S3"],"fullName":"Scenario Configuration Validation Scenario: C002_S3 should ensure the route is logically consistent (each city connects to the next)","status":"passed","title":"should ensure the route is logically consistent (each city connects to the next)","duration":0.08189999999990505,"failureMessages":[],"meta":{}},{"ancestorTitles":["Scenario Configuration Validation","Scenario: C002_S4"],"fullName":"Scenario Configuration Validation Scenario: C002_S4 should have exactly 3 travel options for each city in the route (except final)","status":"passed","title":"should have exactly 3 travel options for each city in the route (except final)","duration":0.08030000000007931,"failureMessages":[],"meta":{}},{"ancestorTitles":["Scenario Configuration Validation","Scenario: C002_S4"],"fullName":"Scenario Configuration Validation Scenario: C002_S4 should have exactly 3 investigation points (interrogatorios) for each city in the route","status":"passed","title":"should have exactly 3 investigation points (interrogatorios) for each city in the route","duration":0.051799999999957436,"failureMessages":[],"meta":{}},{"ancestorTitles":["Scenario Configuration Validation","Scenario: C002_S4"],"fullName":"Scenario Configuration Validation Scenario: C002_S4 should ensure all travel options exist in global DESTINATION_OPTIONS","status":"passed","title":"should ensure all travel options exist in global DESTINATION_OPTIONS","duration":0.1368999999999687,"failureMessages":[],"meta":{}},{"ancestorTitles":["Scenario Configuration Validation","Scenario: C002_S4"],"fullName":"Scenario Configuration Validation Scenario: C002_S4 should ensure the route is logically consistent (each city connects to the next)","status":"passed","title":"should ensure the route is logically consistent (each city connects to the next)","duration":0.08629999999993743,"failureMessages":[],"meta":{}},{"ancestorTitles":["Scenario Configuration Validation","Scenario: C002_S5"],"fullName":"Scenario Configuration Validation Scenario: C002_S5 should have exactly 3 travel options for each city in the route (except final)","status":"passed","title":"should have exactly 3 travel options for each city in the route (except final)","duration":0.07770000000004984,"failureMessages":[],"meta":{}},{"ancestorTitles":["Scenario Configuration Validation","Scenario: C002_S5"],"fullName":"Scenario Configuration Validation Scenario: C002_S5 should have exactly 3 investigation points (interrogatorios) for each city in the route","status":"passed","title":"should have exactly 3 investigation points (interrogatorios) for each city in the route","duration":0.05480000000011387,"failureMessages":[],"meta":{}},{"ancestorTitles":["Scenario Configuration Validation","Scenario: C002_S5"],"fullName":"Scenario Configuration Validation Scenario: C002_S5 should ensure all travel options exist in global DESTINATION_OPTIONS","status":"passed","title":"should ensure all travel options exist in global DESTINATION_OPTIONS","duration":0.11179999999990287,"failureMessages":[],"meta":{}},{"ancestorTitles":["Scenario Configuration Validation","Scenario: C002_S5"],"fullName":"Scenario Configuration Validation Scenario: C002_S5 should ensure the route is logically consistent (each city connects to the next)","status":"passed","title":"should ensure the route is logically consistent (each city connects to the next)","duration":0.09560000000010405,"failureMessages":[],"meta":{}},{"ancestorTitles":["Scenario Configuration Validation","Scenario: C003_S1"],"fullName":"Scenario Configuration Validation Scenario: C003_S1 should have exactly 3 travel options for each city in the route (except final)","status":"passed","title":"should have exactly 3 travel options for each city in the route (except final)","duration":0.07379999999989195,"failureMessages":[],"meta":{}},{"ancestorTitles":["Scenario Configuration Validation","Scenario: C003_S1"],"fullName":"Scenario Configuration Validation Scenario: C003_S1 should have exactly 3 investigation points (interrogatorios) for each city in the route","status":"passed","title":"should have exactly 3 investigation points (interrogatorios) for each city in the route","duration":0.05100000000015825,"failureMessages":[],"meta":{}},{"ancestorTitles":["Scenario Configuration Validation","Scenario: C003_S1"],"fullName":"Scenario Configuration Validation Scenario: C003_S1 should ensure all travel options exist in global DESTINATION_OPTIONS","status":"passed","title":"should ensure all travel options exist in global DESTINATION_OPTIONS","duration":0.12619999999992615,"failureMessages":[],"meta":{}},{"ancestorTitles":["Scenario Configuration Validation","Scenario: C003_S1"],"fullName":"Scenario Configuration Validation Scenario: C003_S1 should ensure the route is logically consistent (each city connects to the next)","status":"passed","title":"should ensure the route is logically consistent (each city connects to the next)","duration":0.07909999999992579,"failureMessages":[],"meta":{}},{"ancestorTitles":["Scenario Configuration Validation","Scenario: C003_S2"],"fullName":"Scenario Configuration Validation Scenario: C003_S2 should have exactly 3 travel options for each city in the route (except final)","status":"passed","title":"should have exactly 3 travel options for each city in the route (except final)","duration":0.0828999999998814,"failureMessages":[],"meta":{}},{"ancestorTitles":["Scenario Configuration Validation","Scenario: C003_S2"],"fullName":"Scenario Configuration Validation Scenario: C003_S2 should have exactly 3 investigation points (interrogatorios) for each city in the route","status":"passed","title":"should have exactly 3 investigation points (interrogatorios) for each city in the route","duration":0.048800000000028376,"failureMessages":[],"meta":{}},{"ancestorTitles":["Scenario Configuration Validation","Scenario: C003_S2"],"fullName":"Scenario Configuration Validation Scenario: C003_S2 should ensure all travel options exist in global DESTINATION_OPTIONS","status":"passed","title":"should ensure all travel options exist in global DESTINATION_OPTIONS","duration":0.11400000000003274,"failureMessages":[],"meta":{}},{"ancestorTitles":["Scenario Configuration Validation","Scenario: C003_S2"],"fullName":"Scenario Configuration Validation Scenario: C003_S2 should ensure the route is logically consistent (each city connects to the next)","status":"passed","title":"should ensure the route is logically consistent (each city connects to the next)","duration":0.08159999999998035,"failureMessages":[],"meta":{}},{"ancestorTitles":["Scenario Configuration Validation","Scenario: C003_S3"],"fullName":"Scenario Configuration Validation Scenario: C003_S3 should have exactly 3 travel options for each city in the route (except final)","status":"passed","title":"should have exactly 3 travel options for each city in the route (except final)","duration":0.07300000000009277,"failureMessages":[],"meta":{}},{"ancestorTitles":["Scenario Configuration Validation","Scenario: C003_S3"],"fullName":"Scenario Configuration Validation Scenario: C003_S3 should have exactly 3 investigation points (interrogatorios) for each city in the route","status":"passed","title":"should have exactly 3 investigation points (interrogatorios) for each city in the route","duration":0.05150000000003274,"failureMessages":[],"meta":{}},{"ancestorTitles":["Scenario Configuration Validation","Scenario: C003_S3"],"fullName":"Scenario Configuration Validation Scenario: C003_S3 should ensure all travel options exist in global DESTINATION_OPTIONS","status":"failed","title":"should ensure all travel options exist in global DESTINATION_OPTIONS","duration":5.252999999999929,"failureMessages":["AssertionError: Travel route from \"Toronto\" to \"Londres\" in scenario C003_S3 must be defined in DESTINATION_OPTIONS in Caso.jsx: expected false to be true // Object.is equality\n    at C:/Users/alanb/Projetos/operacao-meridian/frontend/src/game/__tests__/Scenarios.test.js:44:164\n    at Array.forEach (<anonymous>)\n    at C:/Users/alanb/Projetos/operacao-meridian/frontend/src/game/__tests__/Scenarios.test.js:42:34\n    at Array.forEach (<anonymous>)\n    at C:/Users/alanb/Projetos/operacao-meridian/frontend/src/game/__tests__/Scenarios.test.js:41:54\n    at file:///C:/Users/alanb/Projetos/operacao-meridian/frontend/node_modules/@vitest/runner/dist/index.js:145:11\n    at file:///C:/Users/alanb/Projetos/operacao-meridian/frontend/node_modules/@vitest/runner/dist/index.js:915:26\n    at file:///C:/Users/alanb/Projetos/operacao-meridian/frontend/node_modules/@vitest/runner/dist/index.js:1243:20\n    at new Promise (<anonymous>)\n    at runWithTimeout (file:///C:/Users/alanb/Projetos/operacao-meridian/frontend/node_modules/@vitest/runner/dist/index.js:1209:10)"],"meta":{}},{"ancestorTitles":["Scenario Configuration Validation","Scenario: C003_S3"],"fullName":"Scenario Configuration Validation Scenario: C003_S3 should ensure the route is logically consistent (each city connects to the next)","status":"passed","title":"should ensure the route is logically consistent (each city connects to the next)","duration":0.23919999999998254,"failureMessages":[],"meta":{}},{"ancestorTitles":["Scenario Configuration Validation","Scenario: C003_S4"],"fullName":"Scenario Configuration Validation Scenario: C003_S4 should have exactly 3 travel options for each city in the route (except final)","status":"passed","title":"should have exactly 3 travel options for each city in the route (except final)","duration":0.11010000000010223,"failureMessages":[],"meta":{}},{"ancestorTitles":["Scenario Configuration Validation","Scenario: C003_S4"],"fullName":"Scenario Configuration Validation Scenario: C003_S4 should have exactly 3 investigation points (interrogatorios) for each city in the route","status":"passed","title":"should have exactly 3 investigation points (interrogatorios) for each city in the route","duration":0.08230000000003201,"failureMessages":[],"meta":{}},{"ancestorTitles":["Scenario Configuration Validation","Scenario: C003_S4"],"fullName":"Scenario Configuration Validation Scenario: C003_S4 should ensure all travel options exist in global DESTINATION_OPTIONS","status":"passed","title":"should ensure all travel options exist in global DESTINATION_OPTIONS","duration":0.14889999999991232,"failureMessages":[],"meta":{}},{"ancestorTitles":["Scenario Configuration Validation","Scenario: C003_S4"],"fullName":"Scenario Configuration Validation Scenario: C003_S4 should ensure the route is logically consistent (each city connects to the next)","status":"passed","title":"should ensure the route is logically consistent (each city connects to the next)","duration":0.1653000000001157,"failureMessages":[],"meta":{}},{"ancestorTitles":["Scenario Configuration Validation","Scenario: C003_S5"],"fullName":"Scenario Configuration Validation Scenario: C003_S5 should have exactly 3 travel options for each city in the route (except final)","status":"passed","title":"should have exactly 3 travel options for each city in the route (except final)","duration":0.09490000000005239,"failureMessages":[],"meta":{}},{"ancestorTitles":["Scenario Configuration Validation","Scenario: C003_S5"],"fullName":"Scenario Configuration Validation Scenario: C003_S5 should have exactly 3 investigation points (interrogatorios) for each city in the route","status":"passed","title":"should have exactly 3 investigation points (interrogatorios) for each city in the route","duration":0.4211999999999989,"failureMessages":[],"meta":{}},{"ancestorTitles":["Scenario Configuration Validation","Scenario: C003_S5"],"fullName":"Scenario Configuration Validation Scenario: C003_S5 should ensure all travel options exist in global DESTINATION_OPTIONS","status":"failed","title":"should ensure all travel options exist in global DESTINATION_OPTIONS","duration":1.9574999999999818,"failureMessages":["AssertionError: Travel route from \"Londres\" to \"Madrid\" in scenario C003_S5 must be defined in DESTINATION_OPTIONS in Caso.jsx: expected false to be true // Object.is equality\n    at C:/Users/alanb/Projetos/operacao-meridian/frontend/src/game/__tests__/Scenarios.test.js:44:164\n    at Array.forEach (<anonymous>)\n    at C:/Users/alanb/Projetos/operacao-meridian/frontend/src/game/__tests__/Scenarios.test.js:42:34\n    at Array.forEach (<anonymous>)\n    at C:/Users/alanb/Projetos/operacao-meridian/frontend/src/game/__tests__/Scenarios.test.js:41:54\n    at file:///C:/Users/alanb/Projetos/operacao-meridian/frontend/node_modules/@vitest/runner/dist/index.js:145:11\n    at file:///C:/Users/alanb/Projetos/operacao-meridian/frontend/node_modules/@vitest/runner/dist/index.js:915:26\n    at file:///C:/Users/alanb/Projetos/operacao-meridian/frontend/node_modules/@vitest/runner/dist/index.js:1243:20\n    at new Promise (<anonymous>)\n    at runWithTimeout (file:///C:/Users/alanb/Projetos/operacao-meridian/frontend/node_modules/@vitest/runner/dist/index.js:1209:10)"],"meta":{}},{"ancestorTitles":["Scenario Configuration Validation","Scenario: C003_S5"],"fullName":"Scenario Configuration Validation Scenario: C003_S5 should ensure the route is logically consistent (each city connects to the next)","status":"passed","title":"should ensure the route is logically consistent (each city connects to the next)","duration":0.453899999999976,"failureMessages":[],"meta":{}},{"ancestorTitles":["Scenario Configuration Validation","Scenario: C004_S1"],"fullName":"Scenario Configuration Validation Scenario: C004_S1 should have exactly 3 travel options for each city in the route (except final)","status":"passed","title":"should have exactly 3 travel options for each city in the route (except final)","duration":0.1491000000000895,"failureMessages":[],"meta":{}},{"ancestorTitles":["Scenario Configuration Validation","Scenario: C004_S1"],"fullName":"Scenario Configuration Validation Scenario: C004_S1 should have exactly 3 investigation points (interrogatorios) for each city in the route","status":"passed","title":"should have exactly 3 investigation points (interrogatorios) for each city in the route","duration":0.11370000000010805,"failureMessages":[],"meta":{}},{"ancestorTitles":["Scenario Configuration Validation","Scenario: C004_S1"],"fullName":"Scenario Configuration Validation Scenario: C004_S1 should ensure all travel options exist in global DESTINATION_OPTIONS","status":"passed","title":"should ensure all travel options exist in global DESTINATION_OPTIONS","duration":0.3523999999999887,"failureMessages":[],"meta":{}},{"ancestorTitles":["Scenario Configuration Validation","Scenario: C004_S1"],"fullName":"Scenario Configuration Validation Scenario: C004_S1 should ensure the route is logically consistent (each city connects to the next)","status":"passed","title":"should ensure the route is logically consistent (each city connects to the next)","duration":0.3592999999998483,"failureMessages":[],"meta":{}},{"ancestorTitles":["Scenario Configuration Validation","Scenario: C004_S2"],"fullName":"Scenario Configuration Validation Scenario: C004_S2 should have exactly 3 travel options for each city in the route (except final)","status":"passed","title":"should have exactly 3 travel options for each city in the route (except final)","duration":0.2160999999998694,"failureMessages":[],"meta":{}},{"ancestorTitles":["Scenario Configuration Validation","Scenario: C004_S2"],"fullName":"Scenario Configuration Validation Scenario: C004_S2 should have exactly 3 investigation points (interrogatorios) for each city in the route","status":"passed","title":"should have exactly 3 investigation points (interrogatorios) for each city in the route","duration":0.08320000000003347,"failureMessages":[],"meta":{}},{"ancestorTitles":["Scenario Configuration Validation","Scenario: C004_S2"],"fullName":"Scenario Configuration Validation Scenario: C004_S2 should ensure all travel options exist in global DESTINATION_OPTIONS","status":"passed","title":"should ensure all travel options exist in global DESTINATION_OPTIONS","duration":0.16170000000010987,"failureMessages":[],"meta":{}},{"ancestorTitles":["Scenario Configuration Validation","Scenario: C004_S2"],"fullName":"Scenario Configuration Validation Scenario: C004_S2 should ensure the route is logically consistent (each city connects to the next)","status":"passed","title":"should ensure the route is logically consistent (each city connects to the next)","duration":0.1428000000000793,"failureMessages":[],"meta":{}},{"ancestorTitles":["Scenario Configuration Validation","Scenario: C004_S3"],"fullName":"Scenario Configuration Validation Scenario: C004_S3 should have exactly 3 travel options for each city in the route (except final)","status":"passed","title":"should have exactly 3 travel options for each city in the route (except final)","duration":0.11629999999991014,"failureMessages":[],"meta":{}},{"ancestorTitles":["Scenario Configuration Validation","Scenario: C004_S3"],"fullName":"Scenario Configuration Validation Scenario: C004_S3 should have exactly 3 investigation points (interrogatorios) for each city in the route","status":"passed","title":"should have exactly 3 investigation points (interrogatorios) for each city in the route","duration":0.07169999999996435,"failureMessages":[],"meta":{}},{"ancestorTitles":["Scenario Configuration Validation","Scenario: C004_S3"],"fullName":"Scenario Configuration Validation Scenario: C004_S3 should ensure all travel options exist in global DESTINATION_OPTIONS","status":"passed","title":"should ensure all travel options exist in global DESTINATION_OPTIONS","duration":0.1247000000000753,"failureMessages":[],"meta":{}},{"ancestorTitles":["Scenario Configuration Validation","Scenario: C004_S3"],"fullName":"Scenario Configuration Validation Scenario: C004_S3 should ensure the route is logically consistent (each city connects to the next)","status":"passed","title":"should ensure the route is logically consistent (each city connects to the next)","duration":0.12210000000004584,"failureMessages":[],"meta":{}},{"ancestorTitles":["Scenario Configuration Validation","Scenario: C004_S4"],"fullName":"Scenario Configuration Validation Scenario: C004_S4 should have exactly 3 travel options for each city in the route (except final)","status":"passed","title":"should have exactly 3 travel options for each city in the route (except final)","duration":0.11819999999988795,"failureMessages":[],"meta":{}},{"ancestorTitles":["Scenario Configuration Validation","Scenario: C004_S4"],"fullName":"Scenario Configuration Validation Scenario: C004_S4 should have exactly 3 investigation points (interrogatorios) for each city in the route","status":"passed","title":"should have exactly 3 investigation points (interrogatorios) for each city in the route","duration":0.0627999999999247,"failureMessages":[],"meta":{}},{"ancestorTitles":["Scenario Configuration Validation","Scenario: C004_S4"],"fullName":"Scenario Configuration Validation Scenario: C004_S4 should ensure all travel options exist in global DESTINATION_OPTIONS","status":"passed","title":"should ensure all travel options exist in global DESTINATION_OPTIONS","duration":0.13769999999999527,"failureMessages":[],"meta":{}},{"ancestorTitles":["Scenario Configuration Validation","Scenario: C004_S4"],"fullName":"Scenario Configuration Validation Scenario: C004_S4 should ensure the route is logically consistent (each city connects to the next)","status":"passed","title":"should ensure the route is logically consistent (each city connects to the next)","duration":0.11320000000000618,"failureMessages":[],"meta":{}},{"ancestorTitles":["Scenario Configuration Validation","Scenario: C004_S5"],"fullName":"Scenario Configuration Validation Scenario: C004_S5 should have exactly 3 travel options for each city in the route (except final)","status":"passed","title":"should have exactly 3 travel options for each city in the route (except final)","duration":0.08519999999998618,"failureMessages":[],"meta":{}},{"ancestorTitles":["Scenario Configuration Validation","Scenario: C004_S5"],"fullName":"Scenario Configuration Validation Scenario: C004_S5 should have exactly 3 investigation points (interrogatorios) for each city in the route","status":"passed","title":"should have exactly 3 investigation points (interrogatorios) for each city in the route","duration":0.059700000000020736,"failureMessages":[],"meta":{}},{"ancestorTitles":["Scenario Configuration Validation","Scenario: C004_S5"],"fullName":"Scenario Configuration Validation Scenario: C004_S5 should ensure all travel options exist in global DESTINATION_OPTIONS","status":"passed","title":"should ensure all travel options exist in global DESTINATION_OPTIONS","duration":0.11930000000006658,"failureMessages":[],"meta":{}},{"ancestorTitles":["Scenario Configuration Validation","Scenario: C004_S5"],"fullName":"Scenario Configuration Validation Scenario: C004_S5 should ensure the route is logically consistent (each city connects to the next)","status":"passed","title":"should ensure the route is logically consistent (each city connects to the next)","duration":0.08719999999993888,"failureMessages":[],"meta":{}}],"startTime":1773190071841,"endTime":1773190071863.1377,"status":"failed","message":"","name":"C:/Users/alanb/Projetos/operacao-meridian/frontend/src/game/__tests__/Scenarios.test.js"}]}