{"numTotalTestSuites":12,"numPassedTestSuites":8,"numFailedTestSuites":4,"numPendingTestSuites":0,"numTotalTests":109,"numPassedTests":103,"numFailedTests":6,"numPendingTests":0,"numTodoTests":0,"snapshot":{"added":0,"failure":false,"filesAdded":0,"filesRemoved":0,"filesRemovedList":[],"filesUnmatched":0,"filesUpdated":0,"matched":0,"total":0,"unchecked":0,"uncheckedKeysByFile":[],"unmatched":0,"updated":0,"didUpdate":false},"startTime":1774741357458,"success":false,"testResults":[{"assertionResults":[{"ancestorTitles":["Global Scenario Routes Consistency","Scenario C009 - C009_S1"],"fullName":"Global Scenario Routes Consistency Scenario C009 - C009_S1 Origin \"Berlim\" has valid connections and coordinates","status":"passed","title":"Origin \"Berlim\" has valid connections and coordinates","duration":2.18100000000004,"failureMessages":[],"meta":{}},{"ancestorTitles":["Global Scenario Routes Consistency","Scenario C009 - C009_S1"],"fullName":"Global Scenario Routes Consistency Scenario C009 - C009_S1 Origin \"Londres\" has valid connections and coordinates","status":"passed","title":"Origin \"Londres\" has valid connections and coordinates","duration":0.39640000000008513,"failureMessages":[],"meta":{}},{"ancestorTitles":["Global Scenario Routes Consistency","Scenario C009 - C009_S1"],"fullName":"Global Scenario Routes Consistency Scenario C009 - C009_S1 Origin \"Toronto\" has valid connections and coordinates","status":"passed","title":"Origin \"Toronto\" has valid connections and coordinates","duration":0.2678000000000793,"failureMessages":[],"meta":{}},{"ancestorTitles":["Global Scenario Routes Consistency","Scenario C009 - C009_S1"],"fullName":"Global Scenario Routes Consistency Scenario C009 - C009_S1 Origin \"Paris\" has valid connections and coordinates","status":"passed","title":"Origin \"Paris\" has valid connections and coordinates","duration":0.31799999999998363,"failureMessages":[],"meta":{}},{"ancestorTitles":["Global Scenario Routes Consistency","Scenario C009 - C009_S1"],"fullName":"Global Scenario Routes Consistency Scenario C009 - C009_S1 Origin \"Roma\" has valid connections and coordinates","status":"passed","title":"Origin \"Roma\" has valid connections and coordinates","duration":0.24279999999998836,"failureMessages":[],"meta":{}},{"ancestorTitles":["Global Scenario Routes Consistency","Scenario C009 - C009_S1"],"fullName":"Global Scenario Routes Consistency Scenario C009 - C009_S1 Origin \"Viena\" has valid connections and coordinates","status":"passed","title":"Origin \"Viena\" has valid connections and coordinates","duration":0.18460000000004584,"failureMessages":[],"meta":{}},{"ancestorTitles":["Global Scenario Routes Consistency","Scenario C009 - C009_S1"],"fullName":"Global Scenario Routes Consistency Scenario C009 - C009_S1 Origin \"Istambul\" has valid connections and coordinates","status":"passed","title":"Origin \"Istambul\" has valid connections and coordinates","duration":0.1956000000000131,"failureMessages":[],"meta":{}},{"ancestorTitles":["Global Scenario Routes Consistency","Scenario C009 - C009_S1"],"fullName":"Global Scenario Routes Consistency Scenario C009 - C009_S1 Origin \"Moscou\" has valid connections and coordinates","status":"passed","title":"Origin \"Moscou\" has valid connections and coordinates","duration":0.20870000000013533,"failureMessages":[],"meta":{}},{"ancestorTitles":["Global Scenario Routes Consistency","Scenario C009 - C009_S1"],"fullName":"Global Scenario Routes Consistency Scenario C009 - C009_S1 Origin \"Amsterdã\" has valid connections and coordinates","status":"passed","title":"Origin \"Amsterdã\" has valid connections and coordinates","duration":0.2098999999998341,"failureMessages":[],"meta":{}},{"ancestorTitles":["Global Scenario Routes Consistency","Scenario C009 - C009_S1"],"fullName":"Global Scenario Routes Consistency Scenario C009 - C009_S1 Origin \"Lisboa\" has valid connections and coordinates","status":"passed","title":"Origin \"Lisboa\" has valid connections and coordinates","duration":0.1087999999999738,"failureMessages":[],"meta":{}},{"ancestorTitles":["Global Scenario Routes Consistency","Scenario C009 - C009_S1"],"fullName":"Global Scenario Routes Consistency Scenario C009 - C009_S1 Route sequence is valid and each step exists in travelTable","status":"passed","title":"Route sequence is valid and each step exists in travelTable","duration":3.3882999999998447,"failureMessages":[],"meta":{}},{"ancestorTitles":["Global Scenario Routes Consistency","Scenario C009 - C009_S2"],"fullName":"Global Scenario Routes Consistency Scenario C009 - C009_S2 Origin \"Berlim\" has valid connections and coordinates","status":"passed","title":"Origin \"Berlim\" has valid connections and coordinates","duration":0.2481999999999971,"failureMessages":[],"meta":{}},{"ancestorTitles":["Global Scenario Routes Consistency","Scenario C009 - C009_S2"],"fullName":"Global Scenario Routes Consistency Scenario C009 - C009_S2 Origin \"Nova Delhi\" has valid connections and coordinates","status":"passed","title":"Origin \"Nova Delhi\" has valid connections and coordinates","duration":0.09940000000005966,"failureMessages":[],"meta":{}},{"ancestorTitles":["Global Scenario Routes Consistency","Scenario C009 - C009_S2"],"fullName":"Global Scenario Routes Consistency Scenario C009 - C009_S2 Origin \"Dubai\" has valid connections and coordinates","status":"passed","title":"Origin \"Dubai\" has valid connections and coordinates","duration":0.14239999999995234,"failureMessages":[],"meta":{}},{"ancestorTitles":["Global Scenario Routes Consistency","Scenario C009 - C009_S2"],"fullName":"Global Scenario Routes Consistency Scenario C009 - C009_S2 Origin \"Istambul\" has valid connections and coordinates","status":"passed","title":"Origin \"Istambul\" has valid connections and coordinates","duration":0.10050000000001091,"failureMessages":[],"meta":{}},{"ancestorTitles":["Global Scenario Routes Consistency","Scenario C009 - C009_S2"],"fullName":"Global Scenario Routes Consistency Scenario C009 - C009_S2 Origin \"Paris\" has valid connections and coordinates","status":"passed","title":"Origin \"Paris\" has valid connections and coordinates","duration":0.07679999999982101,"failureMessages":[],"meta":{}},{"ancestorTitles":["Global Scenario Routes Consistency","Scenario C009 - C009_S2"],"fullName":"Global Scenario Routes Consistency Scenario C009 - C009_S2 Origin \"Viena\" has valid connections and coordinates","status":"passed","title":"Origin \"Viena\" has valid connections and coordinates","duration":0.07339999999999236,"failureMessages":[],"meta":{}},{"ancestorTitles":["Global Scenario Routes Consistency","Scenario C009 - C009_S2"],"fullName":"Global Scenario Routes Consistency Scenario C009 - C009_S2 Origin \"Mumbai\" has valid connections and coordinates","status":"passed","title":"Origin \"Mumbai\" has valid connections and coordinates","duration":0.07410000000004402,"failureMessages":[],"meta":{}},{"ancestorTitles":["Global Scenario Routes Consistency","Scenario C009 - C009_S2"],"fullName":"Global Scenario Routes Consistency Scenario C009 - C009_S2 Origin \"Singapura\" has valid connections and coordinates","status":"passed","title":"Origin \"Singapura\" has valid connections and coordinates","duration":0.10429999999996653,"failureMessages":[],"meta":{}},{"ancestorTitles":["Global Scenario Routes Consistency","Scenario C009 - C009_S2"],"fullName":"Global Scenario Routes Consistency Scenario C009 - C009_S2 Origin \"Londres\" has valid connections and coordinates","status":"passed","title":"Origin \"Londres\" has valid connections and coordinates","duration":0.09040000000004511,"failureMessages":[],"meta":{}},{"ancestorTitles":["Global Scenario Routes Consistency","Scenario C009 - C009_S2"],"fullName":"Global Scenario Routes Consistency Scenario C009 - C009_S2 Origin \"Roma\" has valid connections and coordinates","status":"passed","title":"Origin \"Roma\" has valid connections and coordinates","duration":0.016499999999950887,"failureMessages":[],"meta":{}},{"ancestorTitles":["Global Scenario Routes Consistency","Scenario C009 - C009_S2"],"fullName":"Global Scenario Routes Consistency Scenario C009 - C009_S2 Route sequence is valid and each step exists in travelTable","status":"passed","title":"Route sequence is valid and each step exists in travelTable","duration":0.2565999999999349,"failureMessages":[],"meta":{}},{"ancestorTitles":["Global Scenario Routes Consistency","Scenario C009 - C009_S3"],"fullName":"Global Scenario Routes Consistency Scenario C009 - C009_S3 Origin \"Berlim\" has valid connections and coordinates","status":"passed","title":"Origin \"Berlim\" has valid connections and coordinates","duration":0.09140000000002146,"failureMessages":[],"meta":{}},{"ancestorTitles":["Global Scenario Routes Consistency","Scenario C009 - C009_S3"],"fullName":"Global Scenario Routes Consistency Scenario C009 - C009_S3 Origin \"Tóquio\" has valid connections and coordinates","status":"passed","title":"Origin \"Tóquio\" has valid connections and coordinates","duration":0.07400000000006912,"failureMessages":[],"meta":{}},{"ancestorTitles":["Global Scenario Routes Consistency","Scenario C009 - C009_S3"],"fullName":"Global Scenario Routes Consistency Scenario C009 - C009_S3 Origin \"Pequim\" has valid connections and coordinates","status":"passed","title":"Origin \"Pequim\" has valid connections and coordinates","duration":0.09780000000000655,"failureMessages":[],"meta":{}},{"ancestorTitles":["Global Scenario Routes Consistency","Scenario C009 - C009_S3"],"fullName":"Global Scenario Routes Consistency Scenario C009 - C009_S3 Origin \"Bangcoc\" has valid connections and coordinates","status":"passed","title":"Origin \"Bangcoc\" has valid connections and coordinates","duration":0.07420000000001892,"failureMessages":[],"meta":{}},{"ancestorTitles":["Global Scenario Routes Consistency","Scenario C009 - C009_S3"],"fullName":"Global Scenario Routes Consistency Scenario C009 - C009_S3 Origin \"Mumbai\" has valid connections and coordinates","status":"passed","title":"Origin \"Mumbai\" has valid connections and coordinates","duration":0.09359999999992397,"failureMessages":[],"meta":{}},{"ancestorTitles":["Global Scenario Routes Consistency","Scenario C009 - C009_S3"],"fullName":"Global Scenario Routes Consistency Scenario C009 - C009_S3 Origin \"Dubai\" has valid connections and coordinates","status":"passed","title":"Origin \"Dubai\" has valid connections and coordinates","duration":0.08029999999985193,"failureMessages":[],"meta":{}},{"ancestorTitles":["Global Scenario Routes Consistency","Scenario C009 - C009_S3"],"fullName":"Global Scenario Routes Consistency Scenario C009 - C009_S3 Origin \"Istambul\" has valid connections and coordinates","status":"passed","title":"Origin \"Istambul\" has valid connections and coordinates","duration":0.08159999999998035,"failureMessages":[],"meta":{}},{"ancestorTitles":["Global Scenario Routes Consistency","Scenario C009 - C009_S3"],"fullName":"Global Scenario Routes Consistency Scenario C009 - C009_S3 Origin \"Paris\" has valid connections and coordinates","status":"passed","title":"Origin \"Paris\" has valid connections and coordinates","duration":0.07629999999994652,"failureMessages":[],"meta":{}},{"ancestorTitles":["Global Scenario Routes Consistency","Scenario C009 - C009_S3"],"fullName":"Global Scenario Routes Consistency Scenario C009 - C009_S3 Origin \"Londres\" has valid connections and coordinates","status":"passed","title":"Origin \"Londres\" has valid connections and coordinates","duration":0.10009999999988395,"failureMessages":[],"meta":{}},{"ancestorTitles":["Global Scenario Routes Consistency","Scenario C009 - C009_S3"],"fullName":"Global Scenario Routes Consistency Scenario C009 - C009_S3 Origin \"Roma\" has valid connections and coordinates","status":"passed","title":"Origin \"Roma\" has valid connections and coordinates","duration":0.016699999999900683,"failureMessages":[],"meta":{}},{"ancestorTitles":["Global Scenario Routes Consistency","Scenario C009 - C009_S3"],"fullName":"Global Scenario Routes Consistency Scenario C009 - C009_S3 Route sequence is valid and each step exists in travelTable","status":"passed","title":"Route sequence is valid and each step exists in travelTable","duration":0.18050000000016553,"failureMessages":[],"meta":{}},{"ancestorTitles":["Global Scenario Routes Consistency","Scenario C009 - C009_S4"],"fullName":"Global Scenario Routes Consistency Scenario C009 - C009_S4 Origin \"Berlim\" has valid connections and coordinates","status":"passed","title":"Origin \"Berlim\" has valid connections and coordinates","duration":0.09009999999989304,"failureMessages":[],"meta":{}},{"ancestorTitles":["Global Scenario Routes Consistency","Scenario C009 - C009_S4"],"fullName":"Global Scenario Routes Consistency Scenario C009 - C009_S4 Origin \"Dubai\" has valid connections and coordinates","status":"passed","title":"Origin \"Dubai\" has valid connections and coordinates","duration":0.0681000000001859,"failureMessages":[],"meta":{}},{"ancestorTitles":["Global Scenario Routes Consistency","Scenario C009 - C009_S4"],"fullName":"Global Scenario Routes Consistency Scenario C009 - C009_S4 Origin \"Istambul\" has valid connections and coordinates","status":"passed","title":"Origin \"Istambul\" has valid connections and coordinates","duration":0.07150000000001455,"failureMessages":[],"meta":{}},{"ancestorTitles":["Global Scenario Routes Consistency","Scenario C009 - C009_S4"],"fullName":"Global Scenario Routes Consistency Scenario C009 - C009_S4 Origin \"Roma\" has valid connections and coordinates","status":"passed","title":"Origin \"Roma\" has valid connections and coordinates","duration":0.06799999999998363,"failureMessages":[],"meta":{}},{"ancestorTitles":["Global Scenario Routes Consistency","Scenario C009 - C009_S4"],"fullName":"Global Scenario Routes Consistency Scenario C009 - C009_S4 Origin \"Paris\" has valid connections and coordinates","status":"passed","title":"Origin \"Paris\" has valid connections and coordinates","duration":0.06760000000008404,"failureMessages":[],"meta":{}},{"ancestorTitles":["Global Scenario Routes Consistency","Scenario C009 - C009_S4"],"fullName":"Global Scenario Routes Consistency Scenario C009 - C009_S4 Origin \"Lisboa\" has valid connections and coordinates","status":"passed","title":"Origin \"Lisboa\" has valid connections and coordinates","duration":0.08760000000006585,"failureMessages":[],"meta":{}},{"ancestorTitles":["Global Scenario Routes Consistency","Scenario C009 - C009_S4"],"fullName":"Global Scenario Routes Consistency Scenario C009 - C009_S4 Origin \"Madrid\" has valid connections and coordinates","status":"passed","title":"Origin \"Madrid\" has valid connections and coordinates","duration":0.0724999999999909,"failureMessages":[],"meta":{}},{"ancestorTitles":["Global Scenario Routes Consistency","Scenario C009 - C009_S4"],"fullName":"Global Scenario Routes Consistency Scenario C009 - C009_S4 Origin \"Trípoli\" has valid connections and coordinates","status":"passed","title":"Origin \"Trípoli\" has valid connections and coordinates","duration":0.07079999999996289,"failureMessages":[],"meta":{}},{"ancestorTitles":["Global Scenario Routes Consistency","Scenario C009 - C009_S4"],"fullName":"Global Scenario Routes Consistency Scenario C009 - C009_S4 Origin \"Cairo\" has valid connections and coordinates","status":"passed","title":"Origin \"Cairo\" has valid connections and coordinates","duration":0.06819999999993342,"failureMessages":[],"meta":{}},{"ancestorTitles":["Global Scenario Routes Consistency","Scenario C009 - C009_S4"],"fullName":"Global Scenario Routes Consistency Scenario C009 - C009_S4 Route sequence is valid and each step exists in travelTable","status":"passed","title":"Route sequence is valid and each step exists in travelTable","duration":0.16260000000011132,"failureMessages":[],"meta":{}},{"ancestorTitles":["Global Scenario Routes Consistency","Scenario C009 - C009_S5"],"fullName":"Global Scenario Routes Consistency Scenario C009 - C009_S5 Origin \"Berlim\" has valid connections and coordinates","status":"passed","title":"Origin \"Berlim\" has valid connections and coordinates","duration":0.09219999999982065,"failureMessages":[],"meta":{}},{"ancestorTitles":["Global Scenario Routes Consistency","Scenario C009 - C009_S5"],"fullName":"Global Scenario Routes Consistency Scenario C009 - C009_S5 Origin \"Rio de Janeiro\" has valid connections and coordinates","status":"passed","title":"Origin \"Rio de Janeiro\" has valid connections and coordinates","duration":0.07590000000004693,"failureMessages":[],"meta":{}},{"ancestorTitles":["Global Scenario Routes Consistency","Scenario C009 - C009_S5"],"fullName":"Global Scenario Routes Consistency Scenario C009 - C009_S5 Origin \"Moscou\" has valid connections and coordinates","status":"passed","title":"Origin \"Moscou\" has valid connections and coordinates","duration":0.07619999999997162,"failureMessages":[],"meta":{}},{"ancestorTitles":["Global Scenario Routes Consistency","Scenario C009 - C009_S5"],"fullName":"Global Scenario Routes Consistency Scenario C009 - C009_S5 Origin \"Londres\" has valid connections and coordinates","status":"passed","title":"Origin \"Londres\" has valid connections and coordinates","duration":0.06739999999990687,"failureMessages":[],"meta":{}},{"ancestorTitles":["Global Scenario Routes Consistency","Scenario C009 - C009_S5"],"fullName":"Global Scenario Routes Consistency Scenario C009 - C009_S5 Origin \"Paris\" has valid connections and coordinates","status":"passed","title":"Origin \"Paris\" has valid connections and coordinates","duration":0.08600000000001273,"failureMessages":[],"meta":{}},{"ancestorTitles":["Global Scenario Routes Consistency","Scenario C009 - C009_S5"],"fullName":"Global Scenario Routes Consistency Scenario C009 - C009_S5 Origin \"Roma\" has valid connections and coordinates","status":"passed","title":"Origin \"Roma\" has valid connections and coordinates","duration":0.06819999999993342,"failureMessages":[],"meta":{}},{"ancestorTitles":["Global Scenario Routes Consistency","Scenario C009 - C009_S5"],"fullName":"Global Scenario Routes Consistency Scenario C009 - C009_S5 Origin \"Madrid\" has valid connections and coordinates","status":"passed","title":"Origin \"Madrid\" has valid connections and coordinates","duration":0.06780000000003383,"failureMessages":[],"meta":{}},{"ancestorTitles":["Global Scenario Routes Consistency","Scenario C009 - C009_S5"],"fullName":"Global Scenario Routes Consistency Scenario C009 - C009_S5 Origin \"Amsterdã\" has valid connections and coordinates","status":"passed","title":"Origin \"Amsterdã\" has valid connections and coordinates","duration":0.08379999999988286,"failureMessages":[],"meta":{}},{"ancestorTitles":["Global Scenario Routes Consistency","Scenario C009 - C009_S5"],"fullName":"Global Scenario Routes Consistency Scenario C009 - C009_S5 Origin \"Viena\" has valid connections and coordinates","status":"passed","title":"Origin \"Viena\" has valid connections and coordinates","duration":0.07780000000002474,"failureMessages":[],"meta":{}},{"ancestorTitles":["Global Scenario Routes Consistency","Scenario C009 - C009_S5"],"fullName":"Global Scenario Routes Consistency Scenario C009 - C009_S5 Origin \"Zurich\" has valid connections and coordinates","status":"passed","title":"Origin \"Zurich\" has valid connections and coordinates","duration":0.013500000000021828,"failureMessages":[],"meta":{}},{"ancestorTitles":["Global Scenario Routes Consistency","Scenario C009 - C009_S5"],"fullName":"Global Scenario Routes Consistency Scenario C009 - C009_S5 Route sequence is valid and each step exists in travelTable","status":"passed","title":"Route sequence is valid and each step exists in travelTable","duration":0.15620000000012624,"failureMessages":[],"meta":{}},{"ancestorTitles":["Global Scenario Routes Consistency","Scenario C010 - C010_S1"],"fullName":"Global Scenario Routes Consistency Scenario C010 - C010_S1 Origin \"Londres\" has valid connections and coordinates","status":"passed","title":"Origin \"Londres\" has valid connections and coordinates","duration":0.07510000000002037,"failureMessages":[],"meta":{}},{"ancestorTitles":["Global Scenario Routes Consistency","Scenario C010 - C010_S1"],"fullName":"Global Scenario Routes Consistency Scenario C010 - C010_S1 Origin \"Dubai\" has valid connections and coordinates","status":"passed","title":"Origin \"Dubai\" has valid connections and coordinates","duration":0.07000000000016371,"failureMessages":[],"meta":{}},{"ancestorTitles":["Global Scenario Routes Consistency","Scenario C010 - C010_S1"],"fullName":"Global Scenario Routes Consistency Scenario C010 - C010_S1 Origin \"Mumbai\" has valid connections and coordinates","status":"passed","title":"Origin \"Mumbai\" has valid connections and coordinates","duration":0.06889999999998508,"failureMessages":[],"meta":{}},{"ancestorTitles":["Global Scenario Routes Consistency","Scenario C010 - C010_S1"],"fullName":"Global Scenario Routes Consistency Scenario C010 - C010_S1 Origin \"Bangcoc\" has valid connections and coordinates","status":"passed","title":"Origin \"Bangcoc\" has valid connections and coordinates","duration":0.08600000000001273,"failureMessages":[],"meta":{}},{"ancestorTitles":["Global Scenario Routes Consistency","Scenario C010 - C010_S1"],"fullName":"Global Scenario Routes Consistency Scenario C010 - C010_S1 Origin \"Pequim\" has valid connections and coordinates","status":"passed","title":"Origin \"Pequim\" has valid connections and coordinates","duration":0.06870000000003529,"failureMessages":[],"meta":{}},{"ancestorTitles":["Global Scenario Routes Consistency","Scenario C010 - C010_S1"],"fullName":"Global Scenario Routes Consistency Scenario C010 - C010_S1 Origin \"Seul\" has valid connections and coordinates","status":"passed","title":"Origin \"Seul\" has valid connections and coordinates","duration":0.06640000000015789,"failureMessages":[],"meta":{}},{"ancestorTitles":["Global Scenario Routes Consistency","Scenario C010 - C010_S1"],"fullName":"Global Scenario Routes Consistency Scenario C010 - C010_S1 Origin \"Tóquio\" has valid connections and coordinates","status":"passed","title":"Origin \"Tóquio\" has valid connections and coordinates","duration":0.06760000000008404,"failureMessages":[],"meta":{}},{"ancestorTitles":["Global Scenario Routes Consistency","Scenario C010 - C010_S1"],"fullName":"Global Scenario Routes Consistency Scenario C010 - C010_S1 Origin \"Vancouver\" has valid connections and coordinates","status":"passed","title":"Origin \"Vancouver\" has valid connections and coordinates","duration":0.07960000000002765,"failureMessages":[],"meta":{}},{"ancestorTitles":["Global Scenario Routes Consistency","Scenario C010 - C010_S1"],"fullName":"Global Scenario Routes Consistency Scenario C010 - C010_S1 Origin \"Roma\" has valid connections and coordinates","status":"passed","title":"Origin \"Roma\" has valid connections and coordinates","duration":0.08699999999998909,"failureMessages":[],"meta":{}},{"ancestorTitles":["Global Scenario Routes Consistency","Scenario C010 - C010_S1"],"fullName":"Global Scenario Routes Consistency Scenario C010 - C010_S1 Origin \"Berlim\" has valid connections and coordinates","status":"passed","title":"Origin \"Berlim\" has valid connections and coordinates","duration":0.013200000000097134,"failureMessages":[],"meta":{}},{"ancestorTitles":["Global Scenario Routes Consistency","Scenario C010 - C010_S1"],"fullName":"Global Scenario Routes Consistency Scenario C010 - C010_S1 Route sequence is valid and each step exists in travelTable","status":"passed","title":"Route sequence is valid and each step exists in travelTable","duration":0.15219999999999345,"failureMessages":[],"meta":{}},{"ancestorTitles":["Global Scenario Routes Consistency","Scenario C010 - C010_S2"],"fullName":"Global Scenario Routes Consistency Scenario C010 - C010_S2 Origin \"Londres\" has valid connections and coordinates","status":"passed","title":"Origin \"Londres\" has valid connections and coordinates","duration":0.06769999999983156,"failureMessages":[],"meta":{}},{"ancestorTitles":["Global Scenario Routes Consistency","Scenario C010 - C010_S2"],"fullName":"Global Scenario Routes Consistency Scenario C010 - C010_S2 Origin \"Cairo\" has valid connections and coordinates","status":"passed","title":"Origin \"Cairo\" has valid connections and coordinates","duration":0.08899999999994179,"failureMessages":[],"meta":{}},{"ancestorTitles":["Global Scenario Routes Consistency","Scenario C010 - C010_S2"],"fullName":"Global Scenario Routes Consistency Scenario C010 - C010_S2 Origin \"Dubai\" has valid connections and coordinates","status":"passed","title":"Origin \"Dubai\" has valid connections and coordinates","duration":0.06889999999998508,"failureMessages":[],"meta":{}},{"ancestorTitles":["Global Scenario Routes Consistency","Scenario C010 - C010_S2"],"fullName":"Global Scenario Routes Consistency Scenario C010 - C010_S2 Origin \"Istambul\" has valid connections and coordinates","status":"passed","title":"Origin \"Istambul\" has valid connections and coordinates","duration":0.08410000000003492,"failureMessages":[],"meta":{}},{"ancestorTitles":["Global Scenario Routes Consistency","Scenario C010 - C010_S2"],"fullName":"Global Scenario Routes Consistency Scenario C010 - C010_S2 Origin \"Roma\" has valid connections and coordinates","status":"passed","title":"Origin \"Roma\" has valid connections and coordinates","duration":0.08450000000016189,"failureMessages":[],"meta":{}},{"ancestorTitles":["Global Scenario Routes Consistency","Scenario C010 - C010_S2"],"fullName":"Global Scenario Routes Consistency Scenario C010 - C010_S2 Origin \"Paris\" has valid connections and coordinates","status":"passed","title":"Origin \"Paris\" has valid connections and coordinates","duration":0.10590000000001965,"failureMessages":[],"meta":{}},{"ancestorTitles":["Global Scenario Routes Consistency","Scenario C010 - C010_S2"],"fullName":"Global Scenario Routes Consistency Scenario C010 - C010_S2 Origin \"Trípoli\" has valid connections and coordinates","status":"passed","title":"Origin \"Trípoli\" has valid connections and coordinates","duration":0.15390000000002146,"failureMessages":[],"meta":{}},{"ancestorTitles":["Global Scenario Routes Consistency","Scenario C010 - C010_S2"],"fullName":"Global Scenario Routes Consistency Scenario C010 - C010_S2 Origin \"Madrid\" has valid connections and coordinates","status":"failed","title":"Origin \"Madrid\" has valid connections and coordinates","duration":3.1589000000001306,"failureMessages":["AssertionError: Destination city \"São Paulo\" missing in ORIGIN_COORDS: expected undefined to be defined\n    at C:/Users/alanb/Projetos/operacao-meridian/frontend/src/tests/ScenarioRoutes.test.jsx:31:96\n    at Array.forEach (<anonymous>)\n    at C:/Users/alanb/Projetos/operacao-meridian/frontend/src/tests/ScenarioRoutes.test.jsx:23:24\n    at file:///C:/Users/alanb/Projetos/operacao-meridian/frontend/node_modules/@vitest/runner/dist/index.js:145:11\n    at file:///C:/Users/alanb/Projetos/operacao-meridian/frontend/node_modules/@vitest/runner/dist/index.js:915:26\n    at file:///C:/Users/alanb/Projetos/operacao-meridian/frontend/node_modules/@vitest/runner/dist/index.js:1243:20\n    at new Promise (<anonymous>)\n    at runWithTimeout (file:///C:/Users/alanb/Projetos/operacao-meridian/frontend/node_modules/@vitest/runner/dist/index.js:1209:10)\n    at file:///C:/Users/alanb/Projetos/operacao-meridian/frontend/node_modules/@vitest/runner/dist/index.js:1653:37\n    at Traces.$ (file:///C:/Users/alanb/Projetos/operacao-meridian/frontend/node_modules/vitest/dist/chunks/traces.CCmnQaNT.js:142:27)"],"meta":{}},{"ancestorTitles":["Global Scenario Routes Consistency","Scenario C010 - C010_S2"],"fullName":"Global Scenario Routes Consistency Scenario C010 - C010_S2 Origin \"São Paulo\" has valid connections and coordinates","status":"failed","title":"Origin \"São Paulo\" has valid connections and coordinates","duration":0.6452999999999065,"failureMessages":["AssertionError: City \"São Paulo\" missing in ORIGIN_COORDS: expected undefined to be defined\n    at C:/Users/alanb/Projetos/operacao-meridian/frontend/src/tests/ScenarioRoutes.test.jsx:19:89\n    at file:///C:/Users/alanb/Projetos/operacao-meridian/frontend/node_modules/@vitest/runner/dist/index.js:145:11\n    at file:///C:/Users/alanb/Projetos/operacao-meridian/frontend/node_modules/@vitest/runner/dist/index.js:915:26\n    at file:///C:/Users/alanb/Projetos/operacao-meridian/frontend/node_modules/@vitest/runner/dist/index.js:1243:20\n    at new Promise (<anonymous>)\n    at runWithTimeout (file:///C:/Users/alanb/Projetos/operacao-meridian/frontend/node_modules/@vitest/runner/dist/index.js:1209:10)\n    at file:///C:/Users/alanb/Projetos/operacao-meridian/frontend/node_modules/@vitest/runner/dist/index.js:1653:37\n    at Traces.$ (file:///C:/Users/alanb/Projetos/operacao-meridian/frontend/node_modules/vitest/dist/chunks/traces.CCmnQaNT.js:142:27)\n    at trace (file:///C:/Users/alanb/Projetos/operacao-meridian/frontend/node_modules/vitest/dist/chunks/test.B8ej_ZHS.js:239:21)\n    at runTest (file:///C:/Users/alanb/Projetos/operacao-meridian/frontend/node_modules/@vitest/runner/dist/index.js:1653:12)"],"meta":{}},{"ancestorTitles":["Global Scenario Routes Consistency","Scenario C010 - C010_S2"],"fullName":"Global Scenario Routes Consistency Scenario C010 - C010_S2 Origin \"Rio de Janeiro\" has valid connections and coordinates","status":"passed","title":"Origin \"Rio de Janeiro\" has valid connections and coordinates","duration":0.07369999999991705,"failureMessages":[],"meta":{}},{"ancestorTitles":["Global Scenario Routes Consistency","Scenario C010 - C010_S2"],"fullName":"Global Scenario Routes Consistency Scenario C010 - C010_S2 Route sequence is valid and each step exists in travelTable","status":"passed","title":"Route sequence is valid and each step exists in travelTable","duration":0.26070000000004256,"failureMessages":[],"meta":{}},{"ancestorTitles":["Global Scenario Routes Consistency","Scenario C010 - C010_S3"],"fullName":"Global Scenario Routes Consistency Scenario C010 - C010_S3 Origin \"Londres\" has valid connections and coordinates","status":"passed","title":"Origin \"Londres\" has valid connections and coordinates","duration":0.11930000000006658,"failureMessages":[],"meta":{}},{"ancestorTitles":["Global Scenario Routes Consistency","Scenario C010 - C010_S3"],"fullName":"Global Scenario Routes Consistency Scenario C010 - C010_S3 Origin \"Seul\" has valid connections and coordinates","status":"passed","title":"Origin \"Seul\" has valid connections and coordinates","duration":0.0747999999998683,"failureMessages":[],"meta":{}},{"ancestorTitles":["Global Scenario Routes Consistency","Scenario C010 - C010_S3"],"fullName":"Global Scenario Routes Consistency Scenario C010 - C010_S3 Origin \"Tóquio\" has valid connections and coordinates","status":"passed","title":"Origin \"Tóquio\" has valid connections and coordinates","duration":0.13429999999993925,"failureMessages":[],"meta":{}},{"ancestorTitles":["Global Scenario Routes Consistency","Scenario C010 - C010_S3"],"fullName":"Global Scenario Routes Consistency Scenario C010 - C010_S3 Origin \"Bangcoc\" has valid connections and coordinates","status":"passed","title":"Origin \"Bangcoc\" has valid connections and coordinates","duration":0.07580000000007203,"failureMessages":[],"meta":{}},{"ancestorTitles":["Global Scenario Routes Consistency","Scenario C010 - C010_S3"],"fullName":"Global Scenario Routes Consistency Scenario C010 - C010_S3 Origin \"Mumbai\" has valid connections and coordinates","status":"passed","title":"Origin \"Mumbai\" has valid connections and coordinates","duration":0.08169999999995525,"failureMessages":[],"meta":{}},{"ancestorTitles":["Global Scenario Routes Consistency","Scenario C010 - C010_S3"],"fullName":"Global Scenario Routes Consistency Scenario C010 - C010_S3 Origin \"Dubai\" has valid connections and coordinates","status":"passed","title":"Origin \"Dubai\" has valid connections and coordinates","duration":0.09349999999994907,"failureMessages":[],"meta":{}},{"ancestorTitles":["Global Scenario Routes Consistency","Scenario C010 - C010_S3"],"fullName":"Global Scenario Routes Consistency Scenario C010 - C010_S3 Origin \"Istambul\" has valid connections and coordinates","status":"passed","title":"Origin \"Istambul\" has valid connections and coordinates","duration":0.08100000000013097,"failureMessages":[],"meta":{}},{"ancestorTitles":["Global Scenario Routes Consistency","Scenario C010 - C010_S3"],"fullName":"Global Scenario Routes Consistency Scenario C010 - C010_S3 Origin \"Paris\" has valid connections and coordinates","status":"passed","title":"Origin \"Paris\" has valid connections and coordinates","duration":0.07999999999992724,"failureMessages":[],"meta":{}},{"ancestorTitles":["Global Scenario Routes Consistency","Scenario C010 - C010_S3"],"fullName":"Global Scenario Routes Consistency Scenario C010 - C010_S3 Origin \"Toronto\" has valid connections and coordinates","status":"passed","title":"Origin \"Toronto\" has valid connections and coordinates","duration":0.09739999999987958,"failureMessages":[],"meta":{}},{"ancestorTitles":["Global Scenario Routes Consistency","Scenario C010 - C010_S3"],"fullName":"Global Scenario Routes Consistency Scenario C010 - C010_S3 Origin \"Roma\" has valid connections and coordinates","status":"passed","title":"Origin \"Roma\" has valid connections and coordinates","duration":0.015100000000074942,"failureMessages":[],"meta":{}},{"ancestorTitles":["Global Scenario Routes Consistency","Scenario C010 - C010_S3"],"fullName":"Global Scenario Routes Consistency Scenario C010 - C010_S3 Route sequence is valid and each step exists in travelTable","status":"passed","title":"Route sequence is valid and each step exists in travelTable","duration":0.18859999999995125,"failureMessages":[],"meta":{}},{"ancestorTitles":["Global Scenario Routes Consistency","Scenario C010 - C010_S4"],"fullName":"Global Scenario Routes Consistency Scenario C010 - C010_S4 Origin \"Londres\" has valid connections and coordinates","status":"passed","title":"Origin \"Londres\" has valid connections and coordinates","duration":0.09140000000002146,"failureMessages":[],"meta":{}},{"ancestorTitles":["Global Scenario Routes Consistency","Scenario C010 - C010_S4"],"fullName":"Global Scenario Routes Consistency Scenario C010 - C010_S4 Origin \"Lisboa\" has valid connections and coordinates","status":"failed","title":"Origin \"Lisboa\" has valid connections and coordinates","duration":0.33540000000016335,"failureMessages":["AssertionError: Destination city \"São Paulo\" missing in ORIGIN_COORDS: expected undefined to be defined\n    at C:/Users/alanb/Projetos/operacao-meridian/frontend/src/tests/ScenarioRoutes.test.jsx:31:96\n    at Array.forEach (<anonymous>)\n    at C:/Users/alanb/Projetos/operacao-meridian/frontend/src/tests/ScenarioRoutes.test.jsx:23:24\n    at file:///C:/Users/alanb/Projetos/operacao-meridian/frontend/node_modules/@vitest/runner/dist/index.js:145:11\n    at file:///C:/Users/alanb/Projetos/operacao-meridian/frontend/node_modules/@vitest/runner/dist/index.js:915:26\n    at file:///C:/Users/alanb/Projetos/operacao-meridian/frontend/node_modules/@vitest/runner/dist/index.js:1243:20\n    at new Promise (<anonymous>)\n    at runWithTimeout (file:///C:/Users/alanb/Projetos/operacao-meridian/frontend/node_modules/@vitest/runner/dist/index.js:1209:10)\n    at file:///C:/Users/alanb/Projetos/operacao-meridian/frontend/node_modules/@vitest/runner/dist/index.js:1653:37\n    at Traces.$ (file:///C:/Users/alanb/Projetos/operacao-meridian/frontend/node_modules/vitest/dist/chunks/traces.CCmnQaNT.js:142:27)"],"meta":{}},{"ancestorTitles":["Global Scenario Routes Consistency","Scenario C010 - C010_S4"],"fullName":"Global Scenario Routes Consistency Scenario C010 - C010_S4 Origin \"Rio de Janeiro\" has valid connections and coordinates","status":"failed","title":"Origin \"Rio de Janeiro\" has valid connections and coordinates","duration":0.24430000000006658,"failureMessages":["AssertionError: Destination city \"São Paulo\" missing in ORIGIN_COORDS: expected undefined to be defined\n    at C:/Users/alanb/Projetos/operacao-meridian/frontend/src/tests/ScenarioRoutes.test.jsx:31:96\n    at Array.forEach (<anonymous>)\n    at C:/Users/alanb/Projetos/operacao-meridian/frontend/src/tests/ScenarioRoutes.test.jsx:23:24\n    at file:///C:/Users/alanb/Projetos/operacao-meridian/frontend/node_modules/@vitest/runner/dist/index.js:145:11\n    at file:///C:/Users/alanb/Projetos/operacao-meridian/frontend/node_modules/@vitest/runner/dist/index.js:915:26\n    at file:///C:/Users/alanb/Projetos/operacao-meridian/frontend/node_modules/@vitest/runner/dist/index.js:1243:20\n    at new Promise (<anonymous>)\n    at runWithTimeout (file:///C:/Users/alanb/Projetos/operacao-meridian/frontend/node_modules/@vitest/runner/dist/index.js:1209:10)\n    at file:///C:/Users/alanb/Projetos/operacao-meridian/frontend/node_modules/@vitest/runner/dist/index.js:1653:37\n    at Traces.$ (file:///C:/Users/alanb/Projetos/operacao-meridian/frontend/node_modules/vitest/dist/chunks/traces.CCmnQaNT.js:142:27)"],"meta":{}},{"ancestorTitles":["Global Scenario Routes Consistency","Scenario C010 - C010_S4"],"fullName":"Global Scenario Routes Consistency Scenario C010 - C010_S4 Origin \"Buenos Aires\" has valid connections and coordinates","status":"passed","title":"Origin \"Buenos Aires\" has valid connections and coordinates","duration":0.08220000000005712,"failureMessages":[],"meta":{}},{"ancestorTitles":["Global Scenario Routes Consistency","Scenario C010 - C010_S4"],"fullName":"Global Scenario Routes Consistency Scenario C010 - C010_S4 Origin \"Madrid\" has valid connections and coordinates","status":"passed","title":"Origin \"Madrid\" has valid connections and coordinates","duration":0.06600000000003092,"failureMessages":[],"meta":{}},{"ancestorTitles":["Global Scenario Routes Consistency","Scenario C010 - C010_S4"],"fullName":"Global Scenario Routes Consistency Scenario C010 - C010_S4 Origin \"Roma\" has valid connections and coordinates","status":"failed","title":"Origin \"Roma\" has valid connections and coordinates","duration":0.2139999999999418,"failureMessages":["AssertionError: Destination city \"São Paulo\" missing in ORIGIN_COORDS: expected undefined to be defined\n    at C:/Users/alanb/Projetos/operacao-meridian/frontend/src/tests/ScenarioRoutes.test.jsx:31:96\n    at Array.forEach (<anonymous>)\n    at C:/Users/alanb/Projetos/operacao-meridian/frontend/src/tests/ScenarioRoutes.test.jsx:23:24\n    at file:///C:/Users/alanb/Projetos/operacao-meridian/frontend/node_modules/@vitest/runner/dist/index.js:145:11\n    at file:///C:/Users/alanb/Projetos/operacao-meridian/frontend/node_modules/@vitest/runner/dist/index.js:915:26\n    at file:///C:/Users/alanb/Projetos/operacao-meridian/frontend/node_modules/@vitest/runner/dist/index.js:1243:20\n    at new Promise (<anonymous>)\n    at runWithTimeout (file:///C:/Users/alanb/Projetos/operacao-meridian/frontend/node_modules/@vitest/runner/dist/index.js:1209:10)\n    at file:///C:/Users/alanb/Projetos/operacao-meridian/frontend/node_modules/@vitest/runner/dist/index.js:1653:37\n    at Traces.$ (file:///C:/Users/alanb/Projetos/operacao-meridian/frontend/node_modules/vitest/dist/chunks/traces.CCmnQaNT.js:142:27)"],"meta":{}},{"ancestorTitles":["Global Scenario Routes Consistency","Scenario C010 - C010_S4"],"fullName":"Global Scenario Routes Consistency Scenario C010 - C010_S4 Origin \"São Paulo\" has valid connections and coordinates","status":"failed","title":"Origin \"São Paulo\" has valid connections and coordinates","duration":0.17859999999996035,"failureMessages":["AssertionError: City \"São Paulo\" missing in ORIGIN_COORDS: expected undefined to be defined\n    at C:/Users/alanb/Projetos/operacao-meridian/frontend/src/tests/ScenarioRoutes.test.jsx:19:89\n    at file:///C:/Users/alanb/Projetos/operacao-meridian/frontend/node_modules/@vitest/runner/dist/index.js:145:11\n    at file:///C:/Users/alanb/Projetos/operacao-meridian/frontend/node_modules/@vitest/runner/dist/index.js:915:26\n    at file:///C:/Users/alanb/Projetos/operacao-meridian/frontend/node_modules/@vitest/runner/dist/index.js:1243:20\n    at new Promise (<anonymous>)\n    at runWithTimeout (file:///C:/Users/alanb/Projetos/operacao-meridian/frontend/node_modules/@vitest/runner/dist/index.js:1209:10)\n    at file:///C:/Users/alanb/Projetos/operacao-meridian/frontend/node_modules/@vitest/runner/dist/index.js:1653:37\n    at Traces.$ (file:///C:/Users/alanb/Projetos/operacao-meridian/frontend/node_modules/vitest/dist/chunks/traces.CCmnQaNT.js:142:27)\n    at trace (file:///C:/Users/alanb/Projetos/operacao-meridian/frontend/node_modules/vitest/dist/chunks/test.B8ej_ZHS.js:239:21)\n    at runTest (file:///C:/Users/alanb/Projetos/operacao-meridian/frontend/node_modules/@vitest/runner/dist/index.js:1653:12)"],"meta":{}},{"ancestorTitles":["Global Scenario Routes Consistency","Scenario C010 - C010_S4"],"fullName":"Global Scenario Routes Consistency Scenario C010 - C010_S4 Origin \"Dubai\" has valid connections and coordinates","status":"passed","title":"Origin \"Dubai\" has valid connections and coordinates","duration":0.07769999999982247,"failureMessages":[],"meta":{}},{"ancestorTitles":["Global Scenario Routes Consistency","Scenario C010 - C010_S4"],"fullName":"Global Scenario Routes Consistency Scenario C010 - C010_S4 Origin \"Cairo\" has valid connections and coordinates","status":"passed","title":"Origin \"Cairo\" has valid connections and coordinates","duration":0.06600000000003092,"failureMessages":[],"meta":{}},{"ancestorTitles":["Global Scenario Routes Consistency","Scenario C010 - C010_S4"],"fullName":"Global Scenario Routes Consistency Scenario C010 - C010_S4 Origin \"Paris\" has valid connections and coordinates","status":"passed","title":"Origin \"Paris\" has valid connections and coordinates","duration":0.012199999999893407,"failureMessages":[],"meta":{}},{"ancestorTitles":["Global Scenario Routes Consistency","Scenario C010 - C010_S4"],"fullName":"Global Scenario Routes Consistency Scenario C010 - C010_S4 Route sequence is valid and each step exists in travelTable","status":"passed","title":"Route sequence is valid and each step exists in travelTable","duration":0.21260000000006585,"failureMessages":[],"meta":{}},{"ancestorTitles":["Global Scenario Routes Consistency","Scenario C010 - C010_S5"],"fullName":"Global Scenario Routes Consistency Scenario C010 - C010_S5 Origin \"Londres\" has valid connections and coordinates","status":"passed","title":"Origin \"Londres\" has valid connections and coordinates","duration":0.0725999999999658,"failureMessages":[],"meta":{}},{"ancestorTitles":["Global Scenario Routes Consistency","Scenario C010 - C010_S5"],"fullName":"Global Scenario Routes Consistency Scenario C010 - C010_S5 Origin \"Paris\" has valid connections and coordinates","status":"passed","title":"Origin \"Paris\" has valid connections and coordinates","duration":0.07940000000007785,"failureMessages":[],"meta":{}},{"ancestorTitles":["Global Scenario Routes Consistency","Scenario C010 - C010_S5"],"fullName":"Global Scenario Routes Consistency Scenario C010 - C010_S5 Origin \"Viena\" has valid connections and coordinates","status":"passed","title":"Origin \"Viena\" has valid connections and coordinates","duration":0.06709999999998217,"failureMessages":[],"meta":{}},{"ancestorTitles":["Global Scenario Routes Consistency","Scenario C010 - C010_S5"],"fullName":"Global Scenario Routes Consistency Scenario C010 - C010_S5 Origin \"Berlim\" has valid connections and coordinates","status":"passed","title":"Origin \"Berlim\" has valid connections and coordinates","duration":0.06709999999998217,"failureMessages":[],"meta":{}},{"ancestorTitles":["Global Scenario Routes Consistency","Scenario C010 - C010_S5"],"fullName":"Global Scenario Routes Consistency Scenario C010 - C010_S5 Origin \"Amsterdã\" has valid connections and coordinates","status":"passed","title":"Origin \"Amsterdã\" has valid connections and coordinates","duration":0.0646999999999025,"failureMessages":[],"meta":{}},{"ancestorTitles":["Global Scenario Routes Consistency","Scenario C010 - C010_S5"],"fullName":"Global Scenario Routes Consistency Scenario C010 - C010_S5 Origin \"Roma\" has valid connections and coordinates","status":"passed","title":"Origin \"Roma\" has valid connections and coordinates","duration":0.09040000000004511,"failureMessages":[],"meta":{}},{"ancestorTitles":["Global Scenario Routes Consistency","Scenario C010 - C010_S5"],"fullName":"Global Scenario Routes Consistency Scenario C010 - C010_S5 Origin \"Madrid\" has valid connections and coordinates","status":"passed","title":"Origin \"Madrid\" has valid connections and coordinates","duration":0.06600000000003092,"failureMessages":[],"meta":{}},{"ancestorTitles":["Global Scenario Routes Consistency","Scenario C010 - C010_S5"],"fullName":"Global Scenario Routes Consistency Scenario C010 - C010_S5 Origin \"Lisboa\" has valid connections and coordinates","status":"passed","title":"Origin \"Lisboa\" has valid connections and coordinates","duration":0.09290000000009968,"failureMessages":[],"meta":{}},{"ancestorTitles":["Global Scenario Routes Consistency","Scenario C010 - C010_S5"],"fullName":"Global Scenario Routes Consistency Scenario C010 - C010_S5 Origin \"Zurich\" has valid connections and coordinates","status":"passed","title":"Origin \"Zurich\" has valid connections and coordinates","duration":0.09290000000009968,"failureMessages":[],"meta":{}},{"ancestorTitles":["Global Scenario Routes Consistency","Scenario C010 - C010_S5"],"fullName":"Global Scenario Routes Consistency Scenario C010 - C010_S5 Origin \"Dubai\" has valid connections and coordinates","status":"passed","title":"Origin \"Dubai\" has valid connections and coordinates","duration":0.012600000000020373,"failureMessages":[],"meta":{}},{"ancestorTitles":["Global Scenario Routes Consistency","Scenario C010 - C010_S5"],"fullName":"Global Scenario Routes Consistency Scenario C010 - C010_S5 Route sequence is valid and each step exists in travelTable","status":"passed","title":"Route sequence is valid and each step exists in travelTable","duration":0.1674000000000433,"failureMessages":[],"meta":{}}],"startTime":1774741358688,"endTime":1774741358710.1675,"status":"failed","message":"","name":"C:/Users/alanb/Projetos/operacao-meridian/frontend/src/tests/ScenarioRoutes.test.jsx"}]}